1    [AWT-EventQueue-0] INFO  ca.sqlpower.architect.ArchitectUtils  - Log4J configured successfully
991  [AWT-EventQueue-0] INFO  ca.sqlpower.sql.PlDotIni  - Beginning to read/merge new pl.ini data
1085 [AWT-EventQueue-0] INFO  ca.sqlpower.sql.PlDotIni  - Finished reading file.
1086 [AWT-EventQueue-0] INFO  ca.sqlpower.sql.PlDotIni  - Beginning to read/merge new pl.ini data
1157 [AWT-EventQueue-0] INFO  ca.sqlpower.sql.PlDotIni  - Finished reading file.
5887 [Thread-5] ERROR ca.sqlpower.architect.swingui.action.CheckForUpdateAction  - Fail to retrieve current version number!
4745841 [AWT-EventQueue-0] INFO  ca.sqlpower.architect.swingui.PlayPen  - Drop: I am over dtde=java.awt.dnd.DropTargetDropEvent[source=java.awt.dnd.DropTarget@1f64d3b]
4815550 [AWT-EventQueue-0] INFO  ca.sqlpower.architect.swingui.PlayPen  - Drop: I am over dtde=java.awt.dnd.DropTargetDropEvent[source=java.awt.dnd.DropTarget@1f64d3b]
4833723 [AWT-EventQueue-0] INFO  ca.sqlpower.architect.swingui.PlayPen  - Drop: I am over dtde=java.awt.dnd.DropTargetDropEvent[source=java.awt.dnd.DropTarget@1f64d3b]
4836984 [AWT-EventQueue-0] INFO  ca.sqlpower.architect.swingui.PlayPen  - Drop: I am over dtde=java.awt.dnd.DropTargetDropEvent[source=java.awt.dnd.DropTarget@1f64d3b]
4839252 [AWT-EventQueue-0] INFO  ca.sqlpower.architect.swingui.PlayPen  - Drop: I am over dtde=java.awt.dnd.DropTargetDropEvent[source=java.awt.dnd.DropTarget@1f64d3b]
4846369 [AWT-EventQueue-0] INFO  ca.sqlpower.architect.swingui.PlayPen  - Drop: I am over dtde=java.awt.dnd.DropTargetDropEvent[source=java.awt.dnd.DropTarget@1f64d3b]
5842409 [AWT-EventQueue-0] INFO  ca.sqlpower.architect.swingui.PlayPen  - Drop: I am over dtde=java.awt.dnd.DropTargetDropEvent[source=java.awt.dnd.DropTarget@1f64d3b]
6266300 [AWT-EventQueue-0] INFO  ca.sqlpower.architect.swingui.PlayPen  - Drop: I am over dtde=java.awt.dnd.DropTargetDropEvent[source=java.awt.dnd.DropTarget@1f64d3b]
6281914 [AWT-EventQueue-0] INFO  ca.sqlpower.object.undo.PropertyChangeEdit  - Found setter: setTopLeftCorner
6281919 [AWT-EventQueue-0] INFO  ca.sqlpower.object.undo.PropertyChangeEdit  - Found setter: setLengths
6281920 [AWT-EventQueue-0] INFO  ca.sqlpower.object.undo.PropertyChangeEdit  - Found setter: setLengths
6281922 [AWT-EventQueue-0] INFO  ca.sqlpower.object.undo.PropertyChangeEdit  - Found setter: setTopLeftCorner
6281923 [AWT-EventQueue-0] INFO  ca.sqlpower.object.undo.PropertyChangeEdit  - Found setter: setLengths
6281925 [AWT-EventQueue-0] INFO  ca.sqlpower.object.undo.PropertyChangeEdit  - Found setter: setLengths
6281926 [AWT-EventQueue-0] INFO  ca.sqlpower.object.undo.PropertyChangeEdit  - Found setter: setTopLeftCorner
6281928 [AWT-EventQueue-0] INFO  ca.sqlpower.object.undo.PropertyChangeEdit  - Found setter: setLengths
6281929 [AWT-EventQueue-0] INFO  ca.sqlpower.object.undo.PropertyChangeEdit  - Found setter: setLengths
6281931 [AWT-EventQueue-0] INFO  ca.sqlpower.object.undo.PropertyChangeEdit  - Found setter: setTopLeftCorner
6281931 [AWT-EventQueue-0] INFO  ca.sqlpower.object.undo.PropertyChangeEdit  - Found setter: setLengths
6281932 [AWT-EventQueue-0] INFO  ca.sqlpower.object.undo.PropertyChangeEdit  - Found setter: setLengths
6281933 [AWT-EventQueue-0] INFO  ca.sqlpower.object.undo.PropertyChangeEdit  - Found setter: setTopLeftCorner
6281934 [AWT-EventQueue-0] INFO  ca.sqlpower.object.undo.PropertyChangeEdit  - Found setter: setTopLeftCorner
6281935 [AWT-EventQueue-0] INFO  ca.sqlpower.object.undo.PropertyChangeEdit  - Found setter: setLengths
6281938 [AWT-EventQueue-0] INFO  ca.sqlpower.object.undo.PropertyChangeEdit  - Found setter: setLengths
6281940 [AWT-EventQueue-0] INFO  ca.sqlpower.object.undo.PropertyChangeEdit  - Found setter: setTopLeftCorner
6281941 [AWT-EventQueue-0] INFO  ca.sqlpower.object.undo.PropertyChangeEdit  - Found setter: setTopLeftCorner
6281944 [AWT-EventQueue-0] INFO  ca.sqlpower.object.undo.PropertyChangeEdit  - Found setter: setLengths
6281945 [AWT-EventQueue-0] INFO  ca.sqlpower.object.undo.PropertyChangeEdit  - Found setter: setLengths
6281946 [AWT-EventQueue-0] INFO  ca.sqlpower.object.undo.PropertyChangeEdit  - Found setter: setTopLeftCorner
6281948 [AWT-EventQueue-0] INFO  ca.sqlpower.object.undo.PropertyChangeEdit  - Found setter: setTopLeftCorner
6281948 [AWT-EventQueue-0] INFO  ca.sqlpower.object.undo.PropertyChangeEdit  - Found setter: setLengths
6281949 [AWT-EventQueue-0] INFO  ca.sqlpower.object.undo.PropertyChangeEdit  - Found setter: setLengths
6281950 [AWT-EventQueue-0] INFO  ca.sqlpower.object.undo.PropertyChangeEdit  - Found setter: setTopLeftCorner
6281952 [AWT-EventQueue-0] INFO  ca.sqlpower.object.undo.PropertyChangeEdit  - Found setter: setTopLeftCorner
6281957 [AWT-EventQueue-0] INFO  ca.sqlpower.object.undo.PropertyChangeEdit  - Found setter: setLengths
6281958 [AWT-EventQueue-0] INFO  ca.sqlpower.object.undo.PropertyChangeEdit  - Found setter: setLengths
6281960 [AWT-EventQueue-0] INFO  ca.sqlpower.object.undo.PropertyChangeEdit  - Found setter: setTopLeftCorner
6281962 [AWT-EventQueue-0] INFO  ca.sqlpower.object.undo.PropertyChangeEdit  - Found setter: setTopLeftCorner
6281963 [AWT-EventQueue-0] INFO  ca.sqlpower.object.undo.PropertyChangeEdit  - Found setter: setLengths
6281964 [AWT-EventQueue-0] INFO  ca.sqlpower.object.undo.PropertyChangeEdit  - Found setter: setLengths
6281965 [AWT-EventQueue-0] INFO  ca.sqlpower.object.undo.PropertyChangeEdit  - Found setter: setTopLeftCorner
6281966 [AWT-EventQueue-0] INFO  ca.sqlpower.object.undo.PropertyChangeEdit  - Found setter: setLengths
6281968 [AWT-EventQueue-0] INFO  ca.sqlpower.object.undo.PropertyChangeEdit  - Found setter: setLengths
6281971 [AWT-EventQueue-0] INFO  ca.sqlpower.object.undo.PropertyChangeEdit  - Found setter: setTopLeftCorner
6281973 [AWT-EventQueue-0] INFO  ca.sqlpower.object.undo.PropertyChangeEdit  - Found setter: setTopLeftCorner
6281975 [AWT-EventQueue-0] INFO  ca.sqlpower.object.undo.PropertyChangeEdit  - Found setter: setLengths
6281976 [AWT-EventQueue-0] INFO  ca.sqlpower.object.undo.PropertyChangeEdit  - Found setter: setLengths
6281977 [AWT-EventQueue-0] INFO  ca.sqlpower.object.undo.PropertyChangeEdit  - Found setter: setTopLeftCorner
6281979 [AWT-EventQueue-0] INFO  ca.sqlpower.object.undo.PropertyChangeEdit  - Found setter: setTopLeftCorner
6281981 [AWT-EventQueue-0] INFO  ca.sqlpower.object.undo.PropertyChangeEdit  - Found setter: setLengths
6281982 [AWT-EventQueue-0] INFO  ca.sqlpower.object.undo.PropertyChangeEdit  - Found setter: setLengths
6281984 [AWT-EventQueue-0] INFO  ca.sqlpower.object.undo.PropertyChangeEdit  - Found setter: setTopLeftCorner
6281986 [AWT-EventQueue-0] INFO  ca.sqlpower.object.undo.PropertyChangeEdit  - Found setter: setTopLeftCorner
6281987 [AWT-EventQueue-0] INFO  ca.sqlpower.object.undo.PropertyChangeEdit  - Found setter: setLengths
6281988 [AWT-EventQueue-0] INFO  ca.sqlpower.object.undo.PropertyChangeEdit  - Found setter: setLengths
6281989 [AWT-EventQueue-0] INFO  ca.sqlpower.object.undo.PropertyChangeEdit  - Found setter: setTopLeftCorner
6281990 [AWT-EventQueue-0] INFO  ca.sqlpower.object.undo.PropertyChangeEdit  - Found setter: setLengths
6281991 [AWT-EventQueue-0] INFO  ca.sqlpower.object.undo.PropertyChangeEdit  - Found setter: setLengths
6281992 [AWT-EventQueue-0] INFO  ca.sqlpower.object.undo.PropertyChangeEdit  - Found setter: setTopLeftCorner
6281993 [AWT-EventQueue-0] INFO  ca.sqlpower.object.undo.PropertyChangeEdit  - Found setter: setTopLeftCorner
6281994 [AWT-EventQueue-0] INFO  ca.sqlpower.object.undo.PropertyChangeEdit  - Found setter: setLengths
6281996 [AWT-EventQueue-0] INFO  ca.sqlpower.object.undo.PropertyChangeEdit  - Found setter: setLengths
6281997 [AWT-EventQueue-0] INFO  ca.sqlpower.object.undo.PropertyChangeEdit  - Found setter: setTopLeftCorner
6281999 [AWT-EventQueue-0] INFO  ca.sqlpower.object.undo.PropertyChangeEdit  - Found setter: setTopLeftCorner
6282000 [AWT-EventQueue-0] INFO  ca.sqlpower.object.undo.PropertyChangeEdit  - Found setter: setLengths
6282001 [AWT-EventQueue-0] INFO  ca.sqlpower.object.undo.PropertyChangeEdit  - Found setter: setLengths
6282002 [AWT-EventQueue-0] INFO  ca.sqlpower.object.undo.PropertyChangeEdit  - Found setter: setTopLeftCorner
6282003 [AWT-EventQueue-0] INFO  ca.sqlpower.object.undo.PropertyChangeEdit  - Found setter: setTopLeftCorner
6282004 [AWT-EventQueue-0] INFO  ca.sqlpower.object.undo.PropertyChangeEdit  - Found setter: setLengths
6282004 [AWT-EventQueue-0] INFO  ca.sqlpower.object.undo.PropertyChangeEdit  - Found setter: setLengths
6282005 [AWT-EventQueue-0] INFO  ca.sqlpower.object.undo.PropertyChangeEdit  - Found setter: setTopLeftCorner
6282006 [AWT-EventQueue-0] INFO  ca.sqlpower.object.undo.PropertyChangeEdit  - Found setter: setTopLeftCorner
6282008 [AWT-EventQueue-0] INFO  ca.sqlpower.object.undo.PropertyChangeEdit  - Found setter: setLengths
6282010 [AWT-EventQueue-0] INFO  ca.sqlpower.object.undo.PropertyChangeEdit  - Found setter: setLengths
6282011 [AWT-EventQueue-0] INFO  ca.sqlpower.object.undo.PropertyChangeEdit  - Found setter: setTopLeftCorner
6282012 [AWT-EventQueue-0] INFO  ca.sqlpower.object.undo.PropertyChangeEdit  - Found setter: setTopLeftCorner
6282014 [AWT-EventQueue-0] INFO  ca.sqlpower.object.undo.PropertyChangeEdit  - Found setter: setLengths
6282015 [AWT-EventQueue-0] INFO  ca.sqlpower.object.undo.PropertyChangeEdit  - Found setter: setLengths
6282016 [AWT-EventQueue-0] INFO  ca.sqlpower.object.undo.PropertyChangeEdit  - Found setter: setTopLeftCorner
6282017 [AWT-EventQueue-0] INFO  ca.sqlpower.object.undo.PropertyChangeEdit  - Found setter: setTopLeftCorner
6282018 [AWT-EventQueue-0] INFO  ca.sqlpower.object.undo.PropertyChangeEdit  - Found setter: setLengths
6282020 [AWT-EventQueue-0] INFO  ca.sqlpower.object.undo.PropertyChangeEdit  - Found setter: setLengths
6282021 [AWT-EventQueue-0] INFO  ca.sqlpower.object.undo.PropertyChangeEdit  - Found setter: setTopLeftCorner
6282022 [AWT-EventQueue-0] INFO  ca.sqlpower.object.undo.PropertyChangeEdit  - Found setter: setTopLeftCorner
6282022 [AWT-EventQueue-0] INFO  ca.sqlpower.object.undo.PropertyChangeEdit  - Found setter: setLengths
6282023 [AWT-EventQueue-0] INFO  ca.sqlpower.object.undo.PropertyChangeEdit  - Found setter: setLengths
6282025 [AWT-EventQueue-0] INFO  ca.sqlpower.object.undo.PropertyChangeEdit  - Found setter: setTopLeftCorner
6282026 [AWT-EventQueue-0] INFO  ca.sqlpower.object.undo.PropertyChangeEdit  - Found setter: setTopLeftCorner
6282027 [AWT-EventQueue-0] INFO  ca.sqlpower.object.undo.PropertyChangeEdit  - Found setter: setLengths
6282028 [AWT-EventQueue-0] INFO  ca.sqlpower.object.undo.PropertyChangeEdit  - Found setter: setLengths
6282029 [AWT-EventQueue-0] INFO  ca.sqlpower.object.undo.PropertyChangeEdit  - Found setter: setTopLeftCorner
6282031 [AWT-EventQueue-0] INFO  ca.sqlpower.object.undo.PropertyChangeEdit  - Found setter: setTopLeftCorner
6282033 [AWT-EventQueue-0] INFO  ca.sqlpower.object.undo.PropertyChangeEdit  - Found setter: setLengths
6282035 [AWT-EventQueue-0] INFO  ca.sqlpower.object.undo.PropertyChangeEdit  - Found setter: setLengths
6282036 [AWT-EventQueue-0] INFO  ca.sqlpower.object.undo.PropertyChangeEdit  - Found setter: setTopLeftCorner
6282037 [AWT-EventQueue-0] INFO  ca.sqlpower.object.undo.PropertyChangeEdit  - Found setter: setTopLeftCorner
6282037 [AWT-EventQueue-0] INFO  ca.sqlpower.object.undo.PropertyChangeEdit  - Found setter: setLengths
6282039 [AWT-EventQueue-0] INFO  ca.sqlpower.object.undo.PropertyChangeEdit  - Found setter: setLengths
6282039 [AWT-EventQueue-0] INFO  ca.sqlpower.object.undo.PropertyChangeEdit  - Found setter: setTopLeftCorner
6282039 [AWT-EventQueue-0] INFO  ca.sqlpower.object.undo.PropertyChangeEdit  - Found setter: setTopLeftCorner
6282041 [AWT-EventQueue-0] INFO  ca.sqlpower.object.undo.PropertyChangeEdit  - Found setter: setLengths
6282042 [AWT-EventQueue-0] INFO  ca.sqlpower.object.undo.PropertyChangeEdit  - Found setter: setLengths
6282043 [AWT-EventQueue-0] INFO  ca.sqlpower.object.undo.PropertyChangeEdit  - Found setter: setTopLeftCorner
6282044 [AWT-EventQueue-0] INFO  ca.sqlpower.object.undo.PropertyChangeEdit  - Found setter: setTopLeftCorner
6282045 [AWT-EventQueue-0] INFO  ca.sqlpower.object.undo.PropertyChangeEdit  - Found setter: setLengths
6282046 [AWT-EventQueue-0] INFO  ca.sqlpower.object.undo.PropertyChangeEdit  - Found setter: setLengths
6282047 [AWT-EventQueue-0] INFO  ca.sqlpower.object.undo.PropertyChangeEdit  - Found setter: setTopLeftCorner
6282048 [AWT-EventQueue-0] INFO  ca.sqlpower.object.undo.PropertyChangeEdit  - Found setter: setTopLeftCorner
6282049 [AWT-EventQueue-0] INFO  ca.sqlpower.object.undo.PropertyChangeEdit  - Found setter: setLengths
6282049 [AWT-EventQueue-0] INFO  ca.sqlpower.object.undo.PropertyChangeEdit  - Found setter: setLengths
6282050 [AWT-EventQueue-0] INFO  ca.sqlpower.object.undo.PropertyChangeEdit  - Found setter: setTopLeftCorner
6282051 [AWT-EventQueue-0] INFO  ca.sqlpower.object.undo.PropertyChangeEdit  - Found setter: setTopLeftCorner
6282052 [AWT-EventQueue-0] INFO  ca.sqlpower.object.undo.PropertyChangeEdit  - Found setter: setLengths
6282053 [AWT-EventQueue-0] INFO  ca.sqlpower.object.undo.PropertyChangeEdit  - Found setter: setLengths
6282053 [AWT-EventQueue-0] INFO  ca.sqlpower.object.undo.PropertyChangeEdit  - Found setter: setTopLeftCorner
6282054 [AWT-EventQueue-0] INFO  ca.sqlpower.object.undo.PropertyChangeEdit  - Found setter: setTopLeftCorner
6282055 [AWT-EventQueue-0] INFO  ca.sqlpower.object.undo.PropertyChangeEdit  - Found setter: setLengths
6282056 [AWT-EventQueue-0] INFO  ca.sqlpower.object.undo.PropertyChangeEdit  - Found setter: setLengths
6282056 [AWT-EventQueue-0] INFO  ca.sqlpower.object.undo.PropertyChangeEdit  - Found setter: setTopLeftCorner
6282058 [AWT-EventQueue-0] INFO  ca.sqlpower.object.undo.PropertyChangeEdit  - Found setter: setTopLeftCorner
6282059 [AWT-EventQueue-0] INFO  ca.sqlpower.object.undo.PropertyChangeEdit  - Found setter: setLengths
6282060 [AWT-EventQueue-0] INFO  ca.sqlpower.object.undo.PropertyChangeEdit  - Found setter: setTopLeftCorner
6282061 [AWT-EventQueue-0] INFO  ca.sqlpower.object.undo.PropertyChangeEdit  - Found setter: setLengths
6282062 [AWT-EventQueue-0] INFO  ca.sqlpower.object.undo.PropertyChangeEdit  - Found setter: setTopLeftCorner
6282064 [AWT-EventQueue-0] INFO  ca.sqlpower.object.undo.PropertyChangeEdit  - Found setter: setTopLeftCorner
6282064 [AWT-EventQueue-0] INFO  ca.sqlpower.object.undo.PropertyChangeEdit  - Found setter: setLengths
6282065 [AWT-EventQueue-0] INFO  ca.sqlpower.object.undo.PropertyChangeEdit  - Found setter: setTopLeftCorner
6282066 [AWT-EventQueue-0] INFO  ca.sqlpower.object.undo.PropertyChangeEdit  - Found setter: setLengths
6282067 [AWT-EventQueue-0] INFO  ca.sqlpower.object.undo.PropertyChangeEdit  - Found setter: setTopLeftCorner
6282068 [AWT-EventQueue-0] INFO  ca.sqlpower.object.undo.PropertyChangeEdit  - Found setter: setTopLeftCorner
6282069 [AWT-EventQueue-0] INFO  ca.sqlpower.object.undo.PropertyChangeEdit  - Found setter: setLengths
6282070 [AWT-EventQueue-0] INFO  ca.sqlpower.object.undo.PropertyChangeEdit  - Found setter: setTopLeftCorner
6282070 [AWT-EventQueue-0] INFO  ca.sqlpower.object.undo.PropertyChangeEdit  - Found setter: setLengths
6282071 [AWT-EventQueue-0] INFO  ca.sqlpower.object.undo.PropertyChangeEdit  - Found setter: setTopLeftCorner
6282072 [AWT-EventQueue-0] INFO  ca.sqlpower.object.undo.PropertyChangeEdit  - Found setter: setTopLeftCorner
6282073 [AWT-EventQueue-0] INFO  ca.sqlpower.object.undo.PropertyChangeEdit  - Found setter: setLengths
6282075 [AWT-EventQueue-0] INFO  ca.sqlpower.object.undo.PropertyChangeEdit  - Found setter: setTopLeftCorner
6282076 [AWT-EventQueue-0] INFO  ca.sqlpower.object.undo.PropertyChangeEdit  - Found setter: setLengths
6282077 [AWT-EventQueue-0] INFO  ca.sqlpower.object.undo.PropertyChangeEdit  - Found setter: setTopLeftCorner
6282078 [AWT-EventQueue-0] INFO  ca.sqlpower.object.undo.PropertyChangeEdit  - Found setter: setTopLeftCorner
6282079 [AWT-EventQueue-0] INFO  ca.sqlpower.object.undo.PropertyChangeEdit  - Found setter: setLengths
6282079 [AWT-EventQueue-0] INFO  ca.sqlpower.object.undo.PropertyChangeEdit  - Found setter: setTopLeftCorner
6282081 [AWT-EventQueue-0] INFO  ca.sqlpower.object.undo.PropertyChangeEdit  - Found setter: setLengths
6282082 [AWT-EventQueue-0] INFO  ca.sqlpower.object.undo.PropertyChangeEdit  - Found setter: setTopLeftCorner
6282083 [AWT-EventQueue-0] INFO  ca.sqlpower.object.undo.PropertyChangeEdit  - Found setter: setTopLeftCorner
6282085 [AWT-EventQueue-0] INFO  ca.sqlpower.object.undo.PropertyChangeEdit  - Found setter: setLengths
6282086 [AWT-EventQueue-0] INFO  ca.sqlpower.object.undo.PropertyChangeEdit  - Found setter: setTopLeftCorner
6282087 [AWT-EventQueue-0] INFO  ca.sqlpower.object.undo.PropertyChangeEdit  - Found setter: setLengths
6282087 [AWT-EventQueue-0] INFO  ca.sqlpower.object.undo.PropertyChangeEdit  - Found setter: setTopLeftCorner
6282088 [AWT-EventQueue-0] INFO  ca.sqlpower.object.undo.PropertyChangeEdit  - Found setter: setTopLeftCorner
6282090 [AWT-EventQueue-0] INFO  ca.sqlpower.object.undo.PropertyChangeEdit  - Found setter: setLengths
6282091 [AWT-EventQueue-0] INFO  ca.sqlpower.object.undo.PropertyChangeEdit  - Found setter: setTopLeftCorner
6282092 [AWT-EventQueue-0] INFO  ca.sqlpower.object.undo.PropertyChangeEdit  - Found setter: setLengths
6282093 [AWT-EventQueue-0] INFO  ca.sqlpower.object.undo.PropertyChangeEdit  - Found setter: setTopLeftCorner
6282094 [AWT-EventQueue-0] INFO  ca.sqlpower.object.undo.PropertyChangeEdit  - Found setter: setTopLeftCorner
6282095 [AWT-EventQueue-0] INFO  ca.sqlpower.object.undo.PropertyChangeEdit  - Found setter: setLengths
6282095 [AWT-EventQueue-0] INFO  ca.sqlpower.object.undo.PropertyChangeEdit  - Found setter: setTopLeftCorner
6282096 [AWT-EventQueue-0] INFO  ca.sqlpower.object.undo.PropertyChangeEdit  - Found setter: setLengths
6282097 [AWT-EventQueue-0] INFO  ca.sqlpower.object.undo.PropertyChangeEdit  - Found setter: setTopLeftCorner
6282098 [AWT-EventQueue-0] INFO  ca.sqlpower.object.undo.PropertyChangeEdit  - Found setter: setTopLeftCorner
6282099 [AWT-EventQueue-0] INFO  ca.sqlpower.object.undo.PropertyChangeEdit  - Found setter: setLengths
6282100 [AWT-EventQueue-0] INFO  ca.sqlpower.object.undo.PropertyChangeEdit  - Found setter: setTopLeftCorner
6282101 [AWT-EventQueue-0] INFO  ca.sqlpower.object.undo.PropertyChangeEdit  - Found setter: setLengths
6282102 [AWT-EventQueue-0] INFO  ca.sqlpower.object.undo.PropertyChangeEdit  - Found setter: setTopLeftCorner
6282103 [AWT-EventQueue-0] INFO  ca.sqlpower.object.undo.PropertyChangeEdit  - Found setter: setTopLeftCorner
6282104 [AWT-EventQueue-0] INFO  ca.sqlpower.object.undo.PropertyChangeEdit  - Found setter: setLengths
6282105 [AWT-EventQueue-0] INFO  ca.sqlpower.object.undo.PropertyChangeEdit  - Found setter: setTopLeftCorner
6282106 [AWT-EventQueue-0] INFO  ca.sqlpower.object.undo.PropertyChangeEdit  - Found setter: setLengths
6282106 [AWT-EventQueue-0] INFO  ca.sqlpower.object.undo.PropertyChangeEdit  - Found setter: setTopLeftCorner
6282108 [AWT-EventQueue-0] INFO  ca.sqlpower.object.undo.PropertyChangeEdit  - Found setter: setTopLeftCorner
6282109 [AWT-EventQueue-0] INFO  ca.sqlpower.object.undo.PropertyChangeEdit  - Found setter: setLengths
6282109 [AWT-EventQueue-0] INFO  ca.sqlpower.object.undo.PropertyChangeEdit  - Found setter: setTopLeftCorner
6282110 [AWT-EventQueue-0] INFO  ca.sqlpower.object.undo.PropertyChangeEdit  - Found setter: setLengths
6282111 [AWT-EventQueue-0] INFO  ca.sqlpower.object.undo.PropertyChangeEdit  - Found setter: setTopLeftCorner
6282112 [AWT-EventQueue-0] INFO  ca.sqlpower.object.undo.PropertyChangeEdit  - Found setter: setTopLeftCorner
6282113 [AWT-EventQueue-0] INFO  ca.sqlpower.object.undo.PropertyChangeEdit  - Found setter: setLengths
6282113 [AWT-EventQueue-0] INFO  ca.sqlpower.object.undo.PropertyChangeEdit  - Found setter: setTopLeftCorner
6282114 [AWT-EventQueue-0] INFO  ca.sqlpower.object.undo.PropertyChangeEdit  - Found setter: setLengths
6282115 [AWT-EventQueue-0] INFO  ca.sqlpower.object.undo.PropertyChangeEdit  - Found setter: setTopLeftCorner
6282116 [AWT-EventQueue-0] INFO  ca.sqlpower.object.undo.PropertyChangeEdit  - Found setter: setTopLeftCorner
6282117 [AWT-EventQueue-0] INFO  ca.sqlpower.object.undo.PropertyChangeEdit  - Found setter: setLengths
6282118 [AWT-EventQueue-0] INFO  ca.sqlpower.object.undo.PropertyChangeEdit  - Found setter: setTopLeftCorner
6282118 [AWT-EventQueue-0] INFO  ca.sqlpower.object.undo.PropertyChangeEdit  - Found setter: setLengths
6282119 [AWT-EventQueue-0] INFO  ca.sqlpower.object.undo.PropertyChangeEdit  - Found setter: setTopLeftCorner
6282120 [AWT-EventQueue-0] INFO  ca.sqlpower.object.undo.PropertyChangeEdit  - Found setter: setTopLeftCorner
6282121 [AWT-EventQueue-0] INFO  ca.sqlpower.object.undo.PropertyChangeEdit  - Found setter: setLengths
6282122 [AWT-EventQueue-0] INFO  ca.sqlpower.object.undo.PropertyChangeEdit  - Found setter: setTopLeftCorner
6282123 [AWT-EventQueue-0] INFO  ca.sqlpower.object.undo.PropertyChangeEdit  - Found setter: setLengths
6282124 [AWT-EventQueue-0] INFO  ca.sqlpower.object.undo.PropertyChangeEdit  - Found setter: setTopLeftCorner
6282125 [AWT-EventQueue-0] INFO  ca.sqlpower.object.undo.PropertyChangeEdit  - Found setter: setTopLeftCorner
6282126 [AWT-EventQueue-0] INFO  ca.sqlpower.object.undo.PropertyChangeEdit  - Found setter: setLengths
6282127 [AWT-EventQueue-0] INFO  ca.sqlpower.object.undo.PropertyChangeEdit  - Found setter: setTopLeftCorner
6282129 [AWT-EventQueue-0] INFO  ca.sqlpower.object.undo.PropertyChangeEdit  - Found setter: setLengths
6282130 [AWT-EventQueue-0] INFO  ca.sqlpower.object.undo.PropertyChangeEdit  - Found setter: setTopLeftCorner
6282132 [AWT-EventQueue-0] INFO  ca.sqlpower.object.undo.PropertyChangeEdit  - Found setter: setTopLeftCorner
6282133 [AWT-EventQueue-0] INFO  ca.sqlpower.object.undo.PropertyChangeEdit  - Found setter: setLengths
6282134 [AWT-EventQueue-0] INFO  ca.sqlpower.object.undo.PropertyChangeEdit  - Found setter: setLengths
6282135 [AWT-EventQueue-0] INFO  ca.sqlpower.object.undo.PropertyChangeEdit  - Found setter: setTopLeftCorner
6282136 [AWT-EventQueue-0] INFO  ca.sqlpower.object.undo.PropertyChangeEdit  - Found setter: setLengths
6282137 [AWT-EventQueue-0] INFO  ca.sqlpower.object.undo.PropertyChangeEdit  - Found setter: setTopLeftCorner
6282138 [AWT-EventQueue-0] INFO  ca.sqlpower.object.undo.PropertyChangeEdit  - Found setter: setLengths
6282138 [AWT-EventQueue-0] INFO  ca.sqlpower.object.undo.PropertyChangeEdit  - Found setter: setTopLeftCorner
6282139 [AWT-EventQueue-0] INFO  ca.sqlpower.object.undo.PropertyChangeEdit  - Found setter: setTopLeftCorner
6282140 [AWT-EventQueue-0] INFO  ca.sqlpower.object.undo.PropertyChangeEdit  - Found setter: setLengths
6282141 [AWT-EventQueue-0] INFO  ca.sqlpower.object.undo.PropertyChangeEdit  - Found setter: setTopLeftCorner
6282142 [AWT-EventQueue-0] INFO  ca.sqlpower.object.undo.PropertyChangeEdit  - Found setter: setLengths
6282143 [AWT-EventQueue-0] INFO  ca.sqlpower.object.undo.PropertyChangeEdit  - Found setter: setTopLeftCorner
6282144 [AWT-EventQueue-0] INFO  ca.sqlpower.object.undo.PropertyChangeEdit  - Found setter: setTopLeftCorner
6282146 [AWT-EventQueue-0] INFO  ca.sqlpower.object.undo.PropertyChangeEdit  - Found setter: setLengths
6282147 [AWT-EventQueue-0] INFO  ca.sqlpower.object.undo.PropertyChangeEdit  - Found setter: setTopLeftCorner
6282147 [AWT-EventQueue-0] INFO  ca.sqlpower.object.undo.PropertyChangeEdit  - Found setter: setLengths
6282148 [AWT-EventQueue-0] INFO  ca.sqlpower.object.undo.PropertyChangeEdit  - Found setter: setTopLeftCorner
6282148 [AWT-EventQueue-0] INFO  ca.sqlpower.object.undo.PropertyChangeEdit  - Found setter: setTopLeftCorner
6282150 [AWT-EventQueue-0] INFO  ca.sqlpower.object.undo.PropertyChangeEdit  - Found setter: setLengths
6282150 [AWT-EventQueue-0] INFO  ca.sqlpower.object.undo.PropertyChangeEdit  - Found setter: setTopLeftCorner
6282151 [AWT-EventQueue-0] INFO  ca.sqlpower.object.undo.PropertyChangeEdit  - Found setter: setLengths
6282151 [AWT-EventQueue-0] INFO  ca.sqlpower.object.undo.PropertyChangeEdit  - Found setter: setTopLeftCorner
6282152 [AWT-EventQueue-0] INFO  ca.sqlpower.object.undo.PropertyChangeEdit  - Found setter: setTopLeftCorner
6282153 [AWT-EventQueue-0] INFO  ca.sqlpower.object.undo.PropertyChangeEdit  - Found setter: setLengths
6282154 [AWT-EventQueue-0] INFO  ca.sqlpower.object.undo.PropertyChangeEdit  - Found setter: setTopLeftCorner
6282154 [AWT-EventQueue-0] INFO  ca.sqlpower.object.undo.PropertyChangeEdit  - Found setter: setLengths
6282155 [AWT-EventQueue-0] INFO  ca.sqlpower.object.undo.PropertyChangeEdit  - Found setter: setTopLeftCorner
6282156 [AWT-EventQueue-0] INFO  ca.sqlpower.object.undo.PropertyChangeEdit  - Found setter: setTopLeftCorner
6282158 [AWT-EventQueue-0] INFO  ca.sqlpower.object.undo.PropertyChangeEdit  - Found setter: setLengths
6282159 [AWT-EventQueue-0] INFO  ca.sqlpower.object.undo.PropertyChangeEdit  - Found setter: setTopLeftCorner
6282160 [AWT-EventQueue-0] INFO  ca.sqlpower.object.undo.PropertyChangeEdit  - Found setter: setLengths
6282162 [AWT-EventQueue-0] INFO  ca.sqlpower.object.undo.PropertyChangeEdit  - Found setter: setTopLeftCorner
6282162 [AWT-EventQueue-0] INFO  ca.sqlpower.object.undo.PropertyChangeEdit  - Found setter: setTopLeftCorner
6282163 [AWT-EventQueue-0] INFO  ca.sqlpower.object.undo.PropertyChangeEdit  - Found setter: setLengths
6282163 [AWT-EventQueue-0] INFO  ca.sqlpower.object.undo.PropertyChangeEdit  - Found setter: setTopLeftCorner
6282164 [AWT-EventQueue-0] INFO  ca.sqlpower.object.undo.PropertyChangeEdit  - Found setter: setLengths
6282165 [AWT-EventQueue-0] INFO  ca.sqlpower.object.undo.PropertyChangeEdit  - Found setter: setTopLeftCorner
6282166 [AWT-EventQueue-0] INFO  ca.sqlpower.object.undo.PropertyChangeEdit  - Found setter: setTopLeftCorner
6282166 [AWT-EventQueue-0] INFO  ca.sqlpower.object.undo.PropertyChangeEdit  - Found setter: setLengths
6282167 [AWT-EventQueue-0] INFO  ca.sqlpower.object.undo.PropertyChangeEdit  - Found setter: setTopLeftCorner
6282168 [AWT-EventQueue-0] INFO  ca.sqlpower.object.undo.PropertyChangeEdit  - Found setter: setLengths
6282169 [AWT-EventQueue-0] INFO  ca.sqlpower.object.undo.PropertyChangeEdit  - Found setter: setTopLeftCorner
6282170 [AWT-EventQueue-0] INFO  ca.sqlpower.object.undo.PropertyChangeEdit  - Found setter: setTopLeftCorner
6282171 [AWT-EventQueue-0] INFO  ca.sqlpower.object.undo.PropertyChangeEdit  - Found setter: setLengths
6282172 [AWT-EventQueue-0] INFO  ca.sqlpower.object.undo.PropertyChangeEdit  - Found setter: setTopLeftCorner
6282172 [AWT-EventQueue-0] INFO  ca.sqlpower.object.undo.PropertyChangeEdit  - Found setter: setLengths
6282173 [AWT-EventQueue-0] INFO  ca.sqlpower.object.undo.PropertyChangeEdit  - Found setter: setTopLeftCorner
6282174 [AWT-EventQueue-0] INFO  ca.sqlpower.object.undo.PropertyChangeEdit  - Found setter: setTopLeftCorner
6282175 [AWT-EventQueue-0] INFO  ca.sqlpower.object.undo.PropertyChangeEdit  - Found setter: setLengths
6282176 [AWT-EventQueue-0] INFO  ca.sqlpower.object.undo.PropertyChangeEdit  - Found setter: setTopLeftCorner
6282177 [AWT-EventQueue-0] INFO  ca.sqlpower.object.undo.PropertyChangeEdit  - Found setter: setLengths
6282178 [AWT-EventQueue-0] INFO  ca.sqlpower.object.undo.PropertyChangeEdit  - Found setter: setTopLeftCorner
6282179 [AWT-EventQueue-0] INFO  ca.sqlpower.object.undo.PropertyChangeEdit  - Found setter: setTopLeftCorner
6282180 [AWT-EventQueue-0] INFO  ca.sqlpower.object.undo.PropertyChangeEdit  - Found setter: setLengths
6282181 [AWT-EventQueue-0] INFO  ca.sqlpower.object.undo.PropertyChangeEdit  - Found setter: setTopLeftCorner
6282181 [AWT-EventQueue-0] INFO  ca.sqlpower.object.undo.PropertyChangeEdit  - Found setter: setLengths
6282182 [AWT-EventQueue-0] INFO  ca.sqlpower.object.undo.PropertyChangeEdit  - Found setter: setTopLeftCorner
6282183 [AWT-EventQueue-0] INFO  ca.sqlpower.object.undo.PropertyChangeEdit  - Found setter: setTopLeftCorner
6282184 [AWT-EventQueue-0] INFO  ca.sqlpower.object.undo.PropertyChangeEdit  - Found setter: setLengths
6282185 [AWT-EventQueue-0] INFO  ca.sqlpower.object.undo.PropertyChangeEdit  - Found setter: setTopLeftCorner
6282185 [AWT-EventQueue-0] INFO  ca.sqlpower.object.undo.PropertyChangeEdit  - Found setter: setLengths
6282186 [AWT-EventQueue-0] INFO  ca.sqlpower.object.undo.PropertyChangeEdit  - Found setter: setTopLeftCorner
6282187 [AWT-EventQueue-0] INFO  ca.sqlpower.object.undo.PropertyChangeEdit  - Found setter: setTopLeftCorner
6282188 [AWT-EventQueue-0] INFO  ca.sqlpower.object.undo.PropertyChangeEdit  - Found setter: setLengths
6282189 [AWT-EventQueue-0] INFO  ca.sqlpower.object.undo.PropertyChangeEdit  - Found setter: setTopLeftCorner
6282189 [AWT-EventQueue-0] INFO  ca.sqlpower.object.undo.PropertyChangeEdit  - Found setter: setLengths
6282190 [AWT-EventQueue-0] INFO  ca.sqlpower.object.undo.PropertyChangeEdit  - Found setter: setTopLeftCorner
6282191 [AWT-EventQueue-0] INFO  ca.sqlpower.object.undo.PropertyChangeEdit  - Found setter: setTopLeftCorner
6282192 [AWT-EventQueue-0] INFO  ca.sqlpower.object.undo.PropertyChangeEdit  - Found setter: setLengths
6282193 [AWT-EventQueue-0] INFO  ca.sqlpower.object.undo.PropertyChangeEdit  - Found setter: setTopLeftCorner
6282193 [AWT-EventQueue-0] INFO  ca.sqlpower.object.undo.PropertyChangeEdit  - Found setter: setLengths
6282194 [AWT-EventQueue-0] INFO  ca.sqlpower.object.undo.PropertyChangeEdit  - Found setter: setTopLeftCorner
6282195 [AWT-EventQueue-0] INFO  ca.sqlpower.object.undo.PropertyChangeEdit  - Found setter: setTopLeftCorner
6282196 [AWT-EventQueue-0] INFO  ca.sqlpower.object.undo.PropertyChangeEdit  - Found setter: setLengths
6282196 [AWT-EventQueue-0] INFO  ca.sqlpower.object.undo.PropertyChangeEdit  - Found setter: setTopLeftCorner
6282197 [AWT-EventQueue-0] INFO  ca.sqlpower.object.undo.PropertyChangeEdit  - Found setter: setLengths
6282198 [AWT-EventQueue-0] INFO  ca.sqlpower.object.undo.PropertyChangeEdit  - Found setter: setTopLeftCorner
6282199 [AWT-EventQueue-0] INFO  ca.sqlpower.object.undo.PropertyChangeEdit  - Found setter: setTopLeftCorner
6282200 [AWT-EventQueue-0] INFO  ca.sqlpower.object.undo.PropertyChangeEdit  - Found setter: setLengths
6282201 [AWT-EventQueue-0] INFO  ca.sqlpower.object.undo.PropertyChangeEdit  - Found setter: setTopLeftCorner
6282202 [AWT-EventQueue-0] INFO  ca.sqlpower.object.undo.PropertyChangeEdit  - Found setter: setLengths
6282202 [AWT-EventQueue-0] INFO  ca.sqlpower.object.undo.PropertyChangeEdit  - Found setter: setTopLeftCorner
6282203 [AWT-EventQueue-0] INFO  ca.sqlpower.object.undo.PropertyChangeEdit  - Found setter: setTopLeftCorner
6282204 [AWT-EventQueue-0] INFO  ca.sqlpower.object.undo.PropertyChangeEdit  - Found setter: setLengths
6282205 [AWT-EventQueue-0] INFO  ca.sqlpower.object.undo.PropertyChangeEdit  - Found setter: setTopLeftCorner
6282205 [AWT-EventQueue-0] INFO  ca.sqlpower.object.undo.PropertyChangeEdit  - Found setter: setLengths
6282206 [AWT-EventQueue-0] INFO  ca.sqlpower.object.undo.PropertyChangeEdit  - Found setter: setTopLeftCorner
6282208 [AWT-EventQueue-0] INFO  ca.sqlpower.object.undo.PropertyChangeEdit  - Found setter: setTopLeftCorner
6282209 [AWT-EventQueue-0] INFO  ca.sqlpower.object.undo.PropertyChangeEdit  - Found setter: setLengths
6282210 [AWT-EventQueue-0] INFO  ca.sqlpower.object.undo.PropertyChangeEdit  - Found setter: setTopLeftCorner
6282211 [AWT-EventQueue-0] INFO  ca.sqlpower.object.undo.PropertyChangeEdit  - Found setter: setLengths
6282211 [AWT-EventQueue-0] INFO  ca.sqlpower.object.undo.PropertyChangeEdit  - Found setter: setTopLeftCorner
6282213 [AWT-EventQueue-0] INFO  ca.sqlpower.object.undo.PropertyChangeEdit  - Found setter: setTopLeftCorner
6282214 [AWT-EventQueue-0] INFO  ca.sqlpower.object.undo.PropertyChangeEdit  - Found setter: setLengths
6282215 [AWT-EventQueue-0] INFO  ca.sqlpower.object.undo.PropertyChangeEdit  - Found setter: setLengths
6282215 [AWT-EventQueue-0] INFO  ca.sqlpower.object.undo.PropertyChangeEdit  - Found setter: setTopLeftCorner
6282217 [AWT-EventQueue-0] INFO  ca.sqlpower.object.undo.PropertyChangeEdit  - Found setter: setTopLeftCorner
6282218 [AWT-EventQueue-0] INFO  ca.sqlpower.object.undo.PropertyChangeEdit  - Found setter: setLengths
6282218 [AWT-EventQueue-0] INFO  ca.sqlpower.object.undo.PropertyChangeEdit  - Found setter: setLengths
6282219 [AWT-EventQueue-0] INFO  ca.sqlpower.object.undo.PropertyChangeEdit  - Found setter: setTopLeftCorner
6282220 [AWT-EventQueue-0] INFO  ca.sqlpower.object.undo.PropertyChangeEdit  - Found setter: setTopLeftCorner
6282220 [AWT-EventQueue-0] INFO  ca.sqlpower.object.undo.PropertyChangeEdit  - Found setter: setLengths
6282221 [AWT-EventQueue-0] INFO  ca.sqlpower.object.undo.PropertyChangeEdit  - Found setter: setLengths
6282221 [AWT-EventQueue-0] INFO  ca.sqlpower.object.undo.PropertyChangeEdit  - Found setter: setTopLeftCorner
6282222 [AWT-EventQueue-0] INFO  ca.sqlpower.object.undo.PropertyChangeEdit  - Found setter: setTopLeftCorner
6282223 [AWT-EventQueue-0] INFO  ca.sqlpower.object.undo.PropertyChangeEdit  - Found setter: setLengths
6282223 [AWT-EventQueue-0] INFO  ca.sqlpower.object.undo.PropertyChangeEdit  - Found setter: setLengths
6282224 [AWT-EventQueue-0] INFO  ca.sqlpower.object.undo.PropertyChangeEdit  - Found setter: setTopLeftCorner
6282225 [AWT-EventQueue-0] INFO  ca.sqlpower.object.undo.PropertyChangeEdit  - Found setter: setTopLeftCorner
6282226 [AWT-EventQueue-0] INFO  ca.sqlpower.object.undo.PropertyChangeEdit  - Found setter: setLengths
6282227 [AWT-EventQueue-0] INFO  ca.sqlpower.object.undo.PropertyChangeEdit  - Found setter: setLengths
6282228 [AWT-EventQueue-0] INFO  ca.sqlpower.object.undo.PropertyChangeEdit  - Found setter: setTopLeftCorner
6282229 [AWT-EventQueue-0] INFO  ca.sqlpower.object.undo.PropertyChangeEdit  - Found setter: setTopLeftCorner
6282230 [AWT-EventQueue-0] INFO  ca.sqlpower.object.undo.PropertyChangeEdit  - Found setter: setLengths
6282232 [AWT-EventQueue-0] INFO  ca.sqlpower.object.undo.PropertyChangeEdit  - Found setter: setLengths
6282233 [AWT-EventQueue-0] INFO  ca.sqlpower.object.undo.PropertyChangeEdit  - Found setter: setTopLeftCorner
6282234 [AWT-EventQueue-0] INFO  ca.sqlpower.object.undo.PropertyChangeEdit  - Found setter: setTopLeftCorner
6282236 [AWT-EventQueue-0] INFO  ca.sqlpower.object.undo.PropertyChangeEdit  - Found setter: setLengths
6282237 [AWT-EventQueue-0] INFO  ca.sqlpower.object.undo.PropertyChangeEdit  - Found setter: setLengths
6282239 [AWT-EventQueue-0] INFO  ca.sqlpower.object.undo.PropertyChangeEdit  - Found setter: setTopLeftCorner
6282240 [AWT-EventQueue-0] INFO  ca.sqlpower.object.undo.PropertyChangeEdit  - Found setter: setTopLeftCorner
6282241 [AWT-EventQueue-0] INFO  ca.sqlpower.object.undo.PropertyChangeEdit  - Found setter: setLengths
6282242 [AWT-EventQueue-0] INFO  ca.sqlpower.object.undo.PropertyChangeEdit  - Found setter: setLengths
6282242 [AWT-EventQueue-0] INFO  ca.sqlpower.object.undo.PropertyChangeEdit  - Found setter: setTopLeftCorner
6282243 [AWT-EventQueue-0] INFO  ca.sqlpower.object.undo.PropertyChangeEdit  - Found setter: setTopLeftCorner
6282244 [AWT-EventQueue-0] INFO  ca.sqlpower.object.undo.PropertyChangeEdit  - Found setter: setLengths
6282245 [AWT-EventQueue-0] INFO  ca.sqlpower.object.undo.PropertyChangeEdit  - Found setter: setLengths
6282245 [AWT-EventQueue-0] INFO  ca.sqlpower.object.undo.PropertyChangeEdit  - Found setter: setTopLeftCorner
6282246 [AWT-EventQueue-0] INFO  ca.sqlpower.object.undo.PropertyChangeEdit  - Found setter: setTopLeftCorner
6282247 [AWT-EventQueue-0] INFO  ca.sqlpower.object.undo.PropertyChangeEdit  - Found setter: setLengths
6282248 [AWT-EventQueue-0] INFO  ca.sqlpower.object.undo.PropertyChangeEdit  - Found setter: setLengths
6282249 [AWT-EventQueue-0] INFO  ca.sqlpower.object.undo.PropertyChangeEdit  - Found setter: setTopLeftCorner
6282250 [AWT-EventQueue-0] INFO  ca.sqlpower.object.undo.PropertyChangeEdit  - Found setter: setTopLeftCorner
6282251 [AWT-EventQueue-0] INFO  ca.sqlpower.object.undo.PropertyChangeEdit  - Found setter: setLengths
6282252 [AWT-EventQueue-0] INFO  ca.sqlpower.object.undo.PropertyChangeEdit  - Found setter: setLengths
6282252 [AWT-EventQueue-0] INFO  ca.sqlpower.object.undo.PropertyChangeEdit  - Found setter: setTopLeftCorner
6282253 [AWT-EventQueue-0] INFO  ca.sqlpower.object.undo.PropertyChangeEdit  - Found setter: setTopLeftCorner
6282254 [AWT-EventQueue-0] INFO  ca.sqlpower.object.undo.PropertyChangeEdit  - Found setter: setLengths
6282254 [AWT-EventQueue-0] INFO  ca.sqlpower.object.undo.PropertyChangeEdit  - Found setter: setLengths
6282255 [AWT-EventQueue-0] INFO  ca.sqlpower.object.undo.PropertyChangeEdit  - Found setter: setTopLeftCorner
6282256 [AWT-EventQueue-0] INFO  ca.sqlpower.object.undo.PropertyChangeEdit  - Found setter: setTopLeftCorner
6282256 [AWT-EventQueue-0] INFO  ca.sqlpower.object.undo.PropertyChangeEdit  - Found setter: setLengths
6282257 [AWT-EventQueue-0] INFO  ca.sqlpower.object.undo.PropertyChangeEdit  - Found setter: setLengths
6282258 [AWT-EventQueue-0] INFO  ca.sqlpower.object.undo.PropertyChangeEdit  - Found setter: setTopLeftCorner
6282259 [AWT-EventQueue-0] INFO  ca.sqlpower.object.undo.PropertyChangeEdit  - Found setter: setTopLeftCorner
6282260 [AWT-EventQueue-0] INFO  ca.sqlpower.object.undo.PropertyChangeEdit  - Found setter: setLengths
6282261 [AWT-EventQueue-0] INFO  ca.sqlpower.object.undo.PropertyChangeEdit  - Found setter: setLengths
6282262 [AWT-EventQueue-0] INFO  ca.sqlpower.object.undo.PropertyChangeEdit  - Found setter: setTopLeftCorner
6282263 [AWT-EventQueue-0] INFO  ca.sqlpower.object.undo.PropertyChangeEdit  - Found setter: setTopLeftCorner
6282263 [AWT-EventQueue-0] INFO  ca.sqlpower.object.undo.PropertyChangeEdit  - Found setter: setLengths
6282264 [AWT-EventQueue-0] INFO  ca.sqlpower.object.undo.PropertyChangeEdit  - Found setter: setLengths
6282265 [AWT-EventQueue-0] INFO  ca.sqlpower.object.undo.PropertyChangeEdit  - Found setter: setTopLeftCorner
6282266 [AWT-EventQueue-0] INFO  ca.sqlpower.object.undo.PropertyChangeEdit  - Found setter: setTopLeftCorner
6282266 [AWT-EventQueue-0] INFO  ca.sqlpower.object.undo.PropertyChangeEdit  - Found setter: setLengths
6282267 [AWT-EventQueue-0] INFO  ca.sqlpower.object.undo.PropertyChangeEdit  - Found setter: setLengths
6282267 [AWT-EventQueue-0] INFO  ca.sqlpower.object.undo.PropertyChangeEdit  - Found setter: setTopLeftCorner
6282268 [AWT-EventQueue-0] INFO  ca.sqlpower.object.undo.PropertyChangeEdit  - Found setter: setTopLeftCorner
6282270 [AWT-EventQueue-0] INFO  ca.sqlpower.object.undo.PropertyChangeEdit  - Found setter: setLengths
6282271 [AWT-EventQueue-0] INFO  ca.sqlpower.object.undo.PropertyChangeEdit  - Found setter: setLengths
6282272 [AWT-EventQueue-0] INFO  ca.sqlpower.object.undo.PropertyChangeEdit  - Found setter: setTopLeftCorner
6282273 [AWT-EventQueue-0] INFO  ca.sqlpower.object.undo.PropertyChangeEdit  - Found setter: setTopLeftCorner
6282274 [AWT-EventQueue-0] INFO  ca.sqlpower.object.undo.PropertyChangeEdit  - Found setter: setLengths
6282276 [AWT-EventQueue-0] INFO  ca.sqlpower.object.undo.PropertyChangeEdit  - Found setter: setLengths
6282278 [AWT-EventQueue-0] INFO  ca.sqlpower.object.undo.PropertyChangeEdit  - Found setter: setTopLeftCorner
6282279 [AWT-EventQueue-0] INFO  ca.sqlpower.object.undo.PropertyChangeEdit  - Found setter: setTopLeftCorner
6282280 [AWT-EventQueue-0] INFO  ca.sqlpower.object.undo.PropertyChangeEdit  - Found setter: setLengths
6282281 [AWT-EventQueue-0] INFO  ca.sqlpower.object.undo.PropertyChangeEdit  - Found setter: setLengths
6282282 [AWT-EventQueue-0] INFO  ca.sqlpower.object.undo.PropertyChangeEdit  - Found setter: setTopLeftCorner
6282282 [AWT-EventQueue-0] INFO  ca.sqlpower.object.undo.PropertyChangeEdit  - Found setter: setTopLeftCorner
6282283 [AWT-EventQueue-0] INFO  ca.sqlpower.object.undo.PropertyChangeEdit  - Found setter: setLengths
6282283 [AWT-EventQueue-0] INFO  ca.sqlpower.object.undo.PropertyChangeEdit  - Found setter: setLengths
6282284 [AWT-EventQueue-0] INFO  ca.sqlpower.object.undo.PropertyChangeEdit  - Found setter: setTopLeftCorner
6282285 [AWT-EventQueue-0] INFO  ca.sqlpower.object.undo.PropertyChangeEdit  - Found setter: setTopLeftCorner
6282286 [AWT-EventQueue-0] INFO  ca.sqlpower.object.undo.PropertyChangeEdit  - Found setter: setLengths
6282286 [AWT-EventQueue-0] INFO  ca.sqlpower.object.undo.PropertyChangeEdit  - Found setter: setLengths
6282287 [AWT-EventQueue-0] INFO  ca.sqlpower.object.undo.PropertyChangeEdit  - Found setter: setTopLeftCorner
6282288 [AWT-EventQueue-0] INFO  ca.sqlpower.object.undo.PropertyChangeEdit  - Found setter: setTopLeftCorner
6282289 [AWT-EventQueue-0] INFO  ca.sqlpower.object.undo.PropertyChangeEdit  - Found setter: setLengths
6282291 [AWT-EventQueue-0] INFO  ca.sqlpower.object.undo.PropertyChangeEdit  - Found setter: setLengths
6282292 [AWT-EventQueue-0] INFO  ca.sqlpower.object.undo.PropertyChangeEdit  - Found setter: setTopLeftCorner
6282293 [AWT-EventQueue-0] INFO  ca.sqlpower.object.undo.PropertyChangeEdit  - Found setter: setTopLeftCorner
6282294 [AWT-EventQueue-0] INFO  ca.sqlpower.object.undo.PropertyChangeEdit  - Found setter: setLengths
6282296 [AWT-EventQueue-0] INFO  ca.sqlpower.object.undo.PropertyChangeEdit  - Found setter: setLengths
6282296 [AWT-EventQueue-0] INFO  ca.sqlpower.object.undo.PropertyChangeEdit  - Found setter: setTopLeftCorner
6282297 [AWT-EventQueue-0] INFO  ca.sqlpower.object.undo.PropertyChangeEdit  - Found setter: setTopLeftCorner
6282298 [AWT-EventQueue-0] INFO  ca.sqlpower.object.undo.PropertyChangeEdit  - Found setter: setLengths
6282299 [AWT-EventQueue-0] INFO  ca.sqlpower.object.undo.PropertyChangeEdit  - Found setter: setLengths
6282299 [AWT-EventQueue-0] INFO  ca.sqlpower.object.undo.PropertyChangeEdit  - Found setter: setTopLeftCorner
6282300 [AWT-EventQueue-0] INFO  ca.sqlpower.object.undo.PropertyChangeEdit  - Found setter: setTopLeftCorner
6282300 [AWT-EventQueue-0] INFO  ca.sqlpower.object.undo.PropertyChangeEdit  - Found setter: setLengths
6282301 [AWT-EventQueue-0] INFO  ca.sqlpower.object.undo.PropertyChangeEdit  - Found setter: setLengths
6282302 [AWT-EventQueue-0] INFO  ca.sqlpower.object.undo.PropertyChangeEdit  - Found setter: setTopLeftCorner
6282302 [AWT-EventQueue-0] INFO  ca.sqlpower.object.undo.PropertyChangeEdit  - Found setter: setTopLeftCorner
6282303 [AWT-EventQueue-0] INFO  ca.sqlpower.object.undo.PropertyChangeEdit  - Found setter: setLengths
6282304 [AWT-EventQueue-0] INFO  ca.sqlpower.object.undo.PropertyChangeEdit  - Found setter: setLengths
6282304 [AWT-EventQueue-0] INFO  ca.sqlpower.object.undo.PropertyChangeEdit  - Found setter: setTopLeftCorner
6282306 [AWT-EventQueue-0] INFO  ca.sqlpower.object.undo.PropertyChangeEdit  - Found setter: setTopLeftCorner
6282307 [AWT-EventQueue-0] INFO  ca.sqlpower.object.undo.PropertyChangeEdit  - Found setter: setLengths
6282307 [AWT-EventQueue-0] INFO  ca.sqlpower.object.undo.PropertyChangeEdit  - Found setter: setLengths
6282308 [AWT-EventQueue-0] INFO  ca.sqlpower.object.undo.PropertyChangeEdit  - Found setter: setTopLeftCorner
6282310 [AWT-EventQueue-0] INFO  ca.sqlpower.object.undo.PropertyChangeEdit  - Found setter: setTopLeftCorner
6282311 [AWT-EventQueue-0] INFO  ca.sqlpower.object.undo.PropertyChangeEdit  - Found setter: setLengths
6282312 [AWT-EventQueue-0] INFO  ca.sqlpower.object.undo.PropertyChangeEdit  - Found setter: setTopLeftCorner
6282313 [AWT-EventQueue-0] INFO  ca.sqlpower.object.undo.PropertyChangeEdit  - Found setter: setLengths
6282314 [AWT-EventQueue-0] INFO  ca.sqlpower.object.undo.PropertyChangeEdit  - Found setter: setTopLeftCorner
6282314 [AWT-EventQueue-0] INFO  ca.sqlpower.object.undo.PropertyChangeEdit  - Found setter: setTopLeftCorner
6282315 [AWT-EventQueue-0] INFO  ca.sqlpower.object.undo.PropertyChangeEdit  - Found setter: setTopLeftCorner
6282316 [AWT-EventQueue-0] INFO  ca.sqlpower.object.undo.PropertyChangeEdit  - Found setter: setLengths
6282318 [AWT-EventQueue-0] INFO  ca.sqlpower.object.undo.PropertyChangeEdit  - Found setter: setTopLeftCorner
6282319 [AWT-EventQueue-0] INFO  ca.sqlpower.object.undo.PropertyChangeEdit  - Found setter: setTopLeftCorner
6282320 [AWT-EventQueue-0] INFO  ca.sqlpower.object.undo.PropertyChangeEdit  - Found setter: setTopLeftCorner
6282320 [AWT-EventQueue-0] INFO  ca.sqlpower.object.undo.PropertyChangeEdit  - Found setter: setLengths
6282321 [AWT-EventQueue-0] INFO  ca.sqlpower.object.undo.PropertyChangeEdit  - Found setter: setTopLeftCorner
6282322 [AWT-EventQueue-0] INFO  ca.sqlpower.object.undo.PropertyChangeEdit  - Found setter: setTopLeftCorner
6282323 [AWT-EventQueue-0] INFO  ca.sqlpower.object.undo.PropertyChangeEdit  - Found setter: setTopLeftCorner
6282324 [AWT-EventQueue-0] INFO  ca.sqlpower.object.undo.PropertyChangeEdit  - Found setter: setLengths
6282325 [AWT-EventQueue-0] INFO  ca.sqlpower.object.undo.PropertyChangeEdit  - Found setter: setTopLeftCorner
6282326 [AWT-EventQueue-0] INFO  ca.sqlpower.object.undo.PropertyChangeEdit  - Found setter: setTopLeftCorner
6282327 [AWT-EventQueue-0] INFO  ca.sqlpower.object.undo.PropertyChangeEdit  - Found setter: setTopLeftCorner
6282328 [AWT-EventQueue-0] INFO  ca.sqlpower.object.undo.PropertyChangeEdit  - Found setter: setLengths
6282328 [AWT-EventQueue-0] INFO  ca.sqlpower.object.undo.PropertyChangeEdit  - Found setter: setTopLeftCorner
6282329 [AWT-EventQueue-0] INFO  ca.sqlpower.object.undo.PropertyChangeEdit  - Found setter: setTopLeftCorner
6282330 [AWT-EventQueue-0] INFO  ca.sqlpower.object.undo.PropertyChangeEdit  - Found setter: setTopLeftCorner
6282332 [AWT-EventQueue-0] INFO  ca.sqlpower.object.undo.PropertyChangeEdit  - Found setter: setLengths
6282333 [AWT-EventQueue-0] INFO  ca.sqlpower.object.undo.PropertyChangeEdit  - Found setter: setTopLeftCorner
6282334 [AWT-EventQueue-0] INFO  ca.sqlpower.object.undo.PropertyChangeEdit  - Found setter: setTopLeftCorner
6282335 [AWT-EventQueue-0] INFO  ca.sqlpower.object.undo.PropertyChangeEdit  - Found setter: setLengths
6282335 [AWT-EventQueue-0] INFO  ca.sqlpower.object.undo.PropertyChangeEdit  - Found setter: setTopLeftCorner
6282336 [AWT-EventQueue-0] INFO  ca.sqlpower.object.undo.PropertyChangeEdit  - Found setter: setLengths
6282337 [AWT-EventQueue-0] INFO  ca.sqlpower.object.undo.PropertyChangeEdit  - Found setter: setTopLeftCorner
6282338 [AWT-EventQueue-0] INFO  ca.sqlpower.object.undo.PropertyChangeEdit  - Found setter: setTopLeftCorner
6282339 [AWT-EventQueue-0] INFO  ca.sqlpower.object.undo.PropertyChangeEdit  - Found setter: setLengths
6282340 [AWT-EventQueue-0] INFO  ca.sqlpower.object.undo.PropertyChangeEdit  - Found setter: setTopLeftCorner
6282340 [AWT-EventQueue-0] INFO  ca.sqlpower.object.undo.PropertyChangeEdit  - Found setter: setLengths
6282341 [AWT-EventQueue-0] INFO  ca.sqlpower.object.undo.PropertyChangeEdit  - Found setter: setTopLeftCorner
6282343 [AWT-EventQueue-0] INFO  ca.sqlpower.object.undo.PropertyChangeEdit  - Found setter: setTopLeftCorner
6282344 [AWT-EventQueue-0] INFO  ca.sqlpower.object.undo.PropertyChangeEdit  - Found setter: setLengths
6282345 [AWT-EventQueue-0] INFO  ca.sqlpower.object.undo.PropertyChangeEdit  - Found setter: setTopLeftCorner
6282346 [AWT-EventQueue-0] INFO  ca.sqlpower.object.undo.PropertyChangeEdit  - Found setter: setLengths
6282347 [AWT-EventQueue-0] INFO  ca.sqlpower.object.undo.PropertyChangeEdit  - Found setter: setTopLeftCorner
6282348 [AWT-EventQueue-0] INFO  ca.sqlpower.object.undo.PropertyChangeEdit  - Found setter: setTopLeftCorner
6282349 [AWT-EventQueue-0] INFO  ca.sqlpower.object.undo.PropertyChangeEdit  - Found setter: setLengths
6282350 [AWT-EventQueue-0] INFO  ca.sqlpower.object.undo.PropertyChangeEdit  - Found setter: setTopLeftCorner
6282350 [AWT-EventQueue-0] INFO  ca.sqlpower.object.undo.PropertyChangeEdit  - Found setter: setLengths
6282351 [AWT-EventQueue-0] INFO  ca.sqlpower.object.undo.PropertyChangeEdit  - Found setter: setTopLeftCorner
6282352 [AWT-EventQueue-0] INFO  ca.sqlpower.object.undo.PropertyChangeEdit  - Found setter: setTopLeftCorner
6282353 [AWT-EventQueue-0] INFO  ca.sqlpower.object.undo.PropertyChangeEdit  - Found setter: setLengths
6282353 [AWT-EventQueue-0] INFO  ca.sqlpower.object.undo.PropertyChangeEdit  - Found setter: setTopLeftCorner
6282354 [AWT-EventQueue-0] INFO  ca.sqlpower.object.undo.PropertyChangeEdit  - Found setter: setLengths
6282355 [AWT-EventQueue-0] INFO  ca.sqlpower.object.undo.PropertyChangeEdit  - Found setter: setTopLeftCorner
6282356 [AWT-EventQueue-0] INFO  ca.sqlpower.object.undo.PropertyChangeEdit  - Found setter: setTopLeftCorner
6282356 [AWT-EventQueue-0] INFO  ca.sqlpower.object.undo.PropertyChangeEdit  - Found setter: setLengths
6282357 [AWT-EventQueue-0] INFO  ca.sqlpower.object.undo.PropertyChangeEdit  - Found setter: setTopLeftCorner
6282358 [AWT-EventQueue-0] INFO  ca.sqlpower.object.undo.PropertyChangeEdit  - Found setter: setLengths
6282358 [AWT-EventQueue-0] INFO  ca.sqlpower.object.undo.PropertyChangeEdit  - Found setter: setTopLeftCorner
6282359 [AWT-EventQueue-0] INFO  ca.sqlpower.object.undo.PropertyChangeEdit  - Found setter: setTopLeftCorner
6282360 [AWT-EventQueue-0] INFO  ca.sqlpower.object.undo.PropertyChangeEdit  - Found setter: setLengths
6282361 [AWT-EventQueue-0] INFO  ca.sqlpower.object.undo.PropertyChangeEdit  - Found setter: setTopLeftCorner
6282361 [AWT-EventQueue-0] INFO  ca.sqlpower.object.undo.PropertyChangeEdit  - Found setter: setLengths
6282362 [AWT-EventQueue-0] INFO  ca.sqlpower.object.undo.PropertyChangeEdit  - Found setter: setTopLeftCorner
6282363 [AWT-EventQueue-0] INFO  ca.sqlpower.object.undo.PropertyChangeEdit  - Found setter: setTopLeftCorner
6282363 [AWT-EventQueue-0] INFO  ca.sqlpower.object.undo.PropertyChangeEdit  - Found setter: setLengths
6282364 [AWT-EventQueue-0] INFO  ca.sqlpower.object.undo.PropertyChangeEdit  - Found setter: setTopLeftCorner
6282365 [AWT-EventQueue-0] INFO  ca.sqlpower.object.undo.PropertyChangeEdit  - Found setter: setLengths
6282365 [AWT-EventQueue-0] INFO  ca.sqlpower.object.undo.PropertyChangeEdit  - Found setter: setTopLeftCorner
6282366 [AWT-EventQueue-0] INFO  ca.sqlpower.object.undo.PropertyChangeEdit  - Found setter: setTopLeftCorner
6282367 [AWT-EventQueue-0] INFO  ca.sqlpower.object.undo.PropertyChangeEdit  - Found setter: setLengths
6282367 [AWT-EventQueue-0] INFO  ca.sqlpower.object.undo.PropertyChangeEdit  - Found setter: setTopLeftCorner
6282369 [AWT-EventQueue-0] INFO  ca.sqlpower.object.undo.PropertyChangeEdit  - Found setter: setLengths
6282369 [AWT-EventQueue-0] INFO  ca.sqlpower.object.undo.PropertyChangeEdit  - Found setter: setTopLeftCorner
6282370 [AWT-EventQueue-0] INFO  ca.sqlpower.object.undo.PropertyChangeEdit  - Found setter: setTopLeftCorner
6282371 [AWT-EventQueue-0] INFO  ca.sqlpower.object.undo.PropertyChangeEdit  - Found setter: setLengths
6282372 [AWT-EventQueue-0] INFO  ca.sqlpower.object.undo.PropertyChangeEdit  - Found setter: setTopLeftCorner
6282372 [AWT-EventQueue-0] INFO  ca.sqlpower.object.undo.PropertyChangeEdit  - Found setter: setLengths
6282373 [AWT-EventQueue-0] INFO  ca.sqlpower.object.undo.PropertyChangeEdit  - Found setter: setTopLeftCorner
6282374 [AWT-EventQueue-0] INFO  ca.sqlpower.object.undo.PropertyChangeEdit  - Found setter: setTopLeftCorner
6282375 [AWT-EventQueue-0] INFO  ca.sqlpower.object.undo.PropertyChangeEdit  - Found setter: setLengths
6282377 [AWT-EventQueue-0] INFO  ca.sqlpower.object.undo.PropertyChangeEdit  - Found setter: setTopLeftCorner
6282377 [AWT-EventQueue-0] INFO  ca.sqlpower.object.undo.PropertyChangeEdit  - Found setter: setLengths
6282378 [AWT-EventQueue-0] INFO  ca.sqlpower.object.undo.PropertyChangeEdit  - Found setter: setTopLeftCorner
6282379 [AWT-EventQueue-0] INFO  ca.sqlpower.object.undo.PropertyChangeEdit  - Found setter: setTopLeftCorner
6282380 [AWT-EventQueue-0] INFO  ca.sqlpower.object.undo.PropertyChangeEdit  - Found setter: setLengths
6282381 [AWT-EventQueue-0] INFO  ca.sqlpower.object.undo.PropertyChangeEdit  - Found setter: setTopLeftCorner
6282382 [AWT-EventQueue-0] INFO  ca.sqlpower.object.undo.PropertyChangeEdit  - Found setter: setLengths
6282383 [AWT-EventQueue-0] INFO  ca.sqlpower.object.undo.PropertyChangeEdit  - Found setter: setTopLeftCorner
6282384 [AWT-EventQueue-0] INFO  ca.sqlpower.object.undo.PropertyChangeEdit  - Found setter: setTopLeftCorner
6282385 [AWT-EventQueue-0] INFO  ca.sqlpower.object.undo.PropertyChangeEdit  - Found setter: setLengths
6282386 [AWT-EventQueue-0] INFO  ca.sqlpower.object.undo.PropertyChangeEdit  - Found setter: setTopLeftCorner
6282386 [AWT-EventQueue-0] INFO  ca.sqlpower.object.undo.PropertyChangeEdit  - Found setter: setLengths
6282387 [AWT-EventQueue-0] INFO  ca.sqlpower.object.undo.PropertyChangeEdit  - Found setter: setTopLeftCorner
6282388 [AWT-EventQueue-0] INFO  ca.sqlpower.object.undo.PropertyChangeEdit  - Found setter: setTopLeftCorner
6282389 [AWT-EventQueue-0] INFO  ca.sqlpower.object.undo.PropertyChangeEdit  - Found setter: setLengths
6282390 [AWT-EventQueue-0] INFO  ca.sqlpower.object.undo.PropertyChangeEdit  - Found setter: setTopLeftCorner
6282390 [AWT-EventQueue-0] INFO  ca.sqlpower.object.undo.PropertyChangeEdit  - Found setter: setLengths
6282391 [AWT-EventQueue-0] INFO  ca.sqlpower.object.undo.PropertyChangeEdit  - Found setter: setTopLeftCorner
6282392 [AWT-EventQueue-0] INFO  ca.sqlpower.object.undo.PropertyChangeEdit  - Found setter: setTopLeftCorner
6282393 [AWT-EventQueue-0] INFO  ca.sqlpower.object.undo.PropertyChangeEdit  - Found setter: setLengths
6282394 [AWT-EventQueue-0] INFO  ca.sqlpower.object.undo.PropertyChangeEdit  - Found setter: setTopLeftCorner
6282395 [AWT-EventQueue-0] INFO  ca.sqlpower.object.undo.PropertyChangeEdit  - Found setter: setLengths
6282395 [AWT-EventQueue-0] INFO  ca.sqlpower.object.undo.PropertyChangeEdit  - Found setter: setTopLeftCorner
6282396 [AWT-EventQueue-0] INFO  ca.sqlpower.object.undo.PropertyChangeEdit  - Found setter: setTopLeftCorner
6282397 [AWT-EventQueue-0] INFO  ca.sqlpower.object.undo.PropertyChangeEdit  - Found setter: setLengths
6282398 [AWT-EventQueue-0] INFO  ca.sqlpower.object.undo.PropertyChangeEdit  - Found setter: setTopLeftCorner
6282399 [AWT-EventQueue-0] INFO  ca.sqlpower.object.undo.PropertyChangeEdit  - Found setter: setLengths
6282400 [AWT-EventQueue-0] INFO  ca.sqlpower.object.undo.PropertyChangeEdit  - Found setter: setTopLeftCorner
6282401 [AWT-EventQueue-0] INFO  ca.sqlpower.object.undo.PropertyChangeEdit  - Found setter: setTopLeftCorner
6282402 [AWT-EventQueue-0] INFO  ca.sqlpower.object.undo.PropertyChangeEdit  - Found setter: setLengths
6282402 [AWT-EventQueue-0] INFO  ca.sqlpower.object.undo.PropertyChangeEdit  - Found setter: setTopLeftCorner
6282403 [AWT-EventQueue-0] INFO  ca.sqlpower.object.undo.PropertyChangeEdit  - Found setter: setLengths
6282404 [AWT-EventQueue-0] INFO  ca.sqlpower.object.undo.PropertyChangeEdit  - Found setter: setTopLeftCorner
6282405 [AWT-EventQueue-0] INFO  ca.sqlpower.object.undo.PropertyChangeEdit  - Found setter: setTopLeftCorner
6282406 [AWT-EventQueue-0] INFO  ca.sqlpower.object.undo.PropertyChangeEdit  - Found setter: setLengths
6282406 [AWT-EventQueue-0] INFO  ca.sqlpower.object.undo.PropertyChangeEdit  - Found setter: setTopLeftCorner
6282408 [AWT-EventQueue-0] INFO  ca.sqlpower.object.undo.PropertyChangeEdit  - Found setter: setLengths
6282409 [AWT-EventQueue-0] INFO  ca.sqlpower.object.undo.PropertyChangeEdit  - Found setter: setTopLeftCorner
6282411 [AWT-EventQueue-0] INFO  ca.sqlpower.object.undo.PropertyChangeEdit  - Found setter: setTopLeftCorner
6282411 [AWT-EventQueue-0] INFO  ca.sqlpower.object.undo.PropertyChangeEdit  - Found setter: setLengths
6282413 [AWT-EventQueue-0] INFO  ca.sqlpower.object.undo.PropertyChangeEdit  - Found setter: setTopLeftCorner
6282413 [AWT-EventQueue-0] INFO  ca.sqlpower.object.undo.PropertyChangeEdit  - Found setter: setLengths
6282414 [AWT-EventQueue-0] INFO  ca.sqlpower.object.undo.PropertyChangeEdit  - Found setter: setTopLeftCorner
6282415 [AWT-EventQueue-0] INFO  ca.sqlpower.object.undo.PropertyChangeEdit  - Found setter: setTopLeftCorner
6282416 [AWT-EventQueue-0] INFO  ca.sqlpower.object.undo.PropertyChangeEdit  - Found setter: setLengths
6282417 [AWT-EventQueue-0] INFO  ca.sqlpower.object.undo.PropertyChangeEdit  - Found setter: setTopLeftCorner
6282418 [AWT-EventQueue-0] INFO  ca.sqlpower.object.undo.PropertyChangeEdit  - Found setter: setLengths
6282419 [AWT-EventQueue-0] INFO  ca.sqlpower.object.undo.PropertyChangeEdit  - Found setter: setTopLeftCorner
6282419 [AWT-EventQueue-0] INFO  ca.sqlpower.object.undo.PropertyChangeEdit  - Found setter: setTopLeftCorner
6282421 [AWT-EventQueue-0] INFO  ca.sqlpower.object.undo.PropertyChangeEdit  - Found setter: setLengths
6282422 [AWT-EventQueue-0] INFO  ca.sqlpower.object.undo.PropertyChangeEdit  - Found setter: setTopLeftCorner
6282423 [AWT-EventQueue-0] INFO  ca.sqlpower.object.undo.PropertyChangeEdit  - Found setter: setLengths
6282424 [AWT-EventQueue-0] INFO  ca.sqlpower.object.undo.PropertyChangeEdit  - Found setter: setTopLeftCorner
6282425 [AWT-EventQueue-0] INFO  ca.sqlpower.object.undo.PropertyChangeEdit  - Found setter: setTopLeftCorner
6282426 [AWT-EventQueue-0] INFO  ca.sqlpower.object.undo.PropertyChangeEdit  - Found setter: setLengths
6282427 [AWT-EventQueue-0] INFO  ca.sqlpower.object.undo.PropertyChangeEdit  - Found setter: setTopLeftCorner
6282428 [AWT-EventQueue-0] INFO  ca.sqlpower.object.undo.PropertyChangeEdit  - Found setter: setLengths
6282428 [AWT-EventQueue-0] INFO  ca.sqlpower.object.undo.PropertyChangeEdit  - Found setter: setTopLeftCorner
6282429 [AWT-EventQueue-0] INFO  ca.sqlpower.object.undo.PropertyChangeEdit  - Found setter: setTopLeftCorner
6282429 [AWT-EventQueue-0] INFO  ca.sqlpower.object.undo.PropertyChangeEdit  - Found setter: setLengths
6282430 [AWT-EventQueue-0] INFO  ca.sqlpower.object.undo.PropertyChangeEdit  - Found setter: setTopLeftCorner
6282431 [AWT-EventQueue-0] INFO  ca.sqlpower.object.undo.PropertyChangeEdit  - Found setter: setLengths
6282432 [AWT-EventQueue-0] INFO  ca.sqlpower.object.undo.PropertyChangeEdit  - Found setter: setTopLeftCorner
6282433 [AWT-EventQueue-0] INFO  ca.sqlpower.object.undo.PropertyChangeEdit  - Found setter: setTopLeftCorner
6282434 [AWT-EventQueue-0] INFO  ca.sqlpower.object.undo.PropertyChangeEdit  - Found setter: setLengths
6282435 [AWT-EventQueue-0] INFO  ca.sqlpower.object.undo.PropertyChangeEdit  - Found setter: setTopLeftCorner
6282436 [AWT-EventQueue-0] INFO  ca.sqlpower.object.undo.PropertyChangeEdit  - Found setter: setLengths
6282437 [AWT-EventQueue-0] INFO  ca.sqlpower.object.undo.PropertyChangeEdit  - Found setter: setTopLeftCorner
6282438 [AWT-EventQueue-0] INFO  ca.sqlpower.object.undo.PropertyChangeEdit  - Found setter: setTopLeftCorner
6282439 [AWT-EventQueue-0] INFO  ca.sqlpower.object.undo.PropertyChangeEdit  - Found setter: setLengths
6282439 [AWT-EventQueue-0] INFO  ca.sqlpower.object.undo.PropertyChangeEdit  - Found setter: setTopLeftCorner
6282440 [AWT-EventQueue-0] INFO  ca.sqlpower.object.undo.PropertyChangeEdit  - Found setter: setLengths
6282441 [AWT-EventQueue-0] INFO  ca.sqlpower.object.undo.PropertyChangeEdit  - Found setter: setTopLeftCorner
6282442 [AWT-EventQueue-0] INFO  ca.sqlpower.object.undo.PropertyChangeEdit  - Found setter: setTopLeftCorner
6282443 [AWT-EventQueue-0] INFO  ca.sqlpower.object.undo.PropertyChangeEdit  - Found setter: setLengths
6282443 [AWT-EventQueue-0] INFO  ca.sqlpower.object.undo.PropertyChangeEdit  - Found setter: setTopLeftCorner
6282444 [AWT-EventQueue-0] INFO  ca.sqlpower.object.undo.PropertyChangeEdit  - Found setter: setLengths
6282445 [AWT-EventQueue-0] INFO  ca.sqlpower.object.undo.PropertyChangeEdit  - Found setter: setTopLeftCorner
6282446 [AWT-EventQueue-0] INFO  ca.sqlpower.object.undo.PropertyChangeEdit  - Found setter: setTopLeftCorner
6282447 [AWT-EventQueue-0] INFO  ca.sqlpower.object.undo.PropertyChangeEdit  - Found setter: setLengths
6282448 [AWT-EventQueue-0] INFO  ca.sqlpower.object.undo.PropertyChangeEdit  - Found setter: setTopLeftCorner
6282449 [AWT-EventQueue-0] INFO  ca.sqlpower.object.undo.PropertyChangeEdit  - Found setter: setLengths
6282450 [AWT-EventQueue-0] INFO  ca.sqlpower.object.undo.PropertyChangeEdit  - Found setter: setTopLeftCorner
6282451 [AWT-EventQueue-0] INFO  ca.sqlpower.object.undo.PropertyChangeEdit  - Found setter: setTopLeftCorner
6282452 [AWT-EventQueue-0] INFO  ca.sqlpower.object.undo.PropertyChangeEdit  - Found setter: setLengths
6282453 [AWT-EventQueue-0] INFO  ca.sqlpower.object.undo.PropertyChangeEdit  - Found setter: setTopLeftCorner
6282453 [AWT-EventQueue-0] INFO  ca.sqlpower.object.undo.PropertyChangeEdit  - Found setter: setLengths
6282454 [AWT-EventQueue-0] INFO  ca.sqlpower.object.undo.PropertyChangeEdit  - Found setter: setTopLeftCorner
6282455 [AWT-EventQueue-0] INFO  ca.sqlpower.object.undo.PropertyChangeEdit  - Found setter: setTopLeftCorner
6282456 [AWT-EventQueue-0] INFO  ca.sqlpower.object.undo.PropertyChangeEdit  - Found setter: setLengths
6282456 [AWT-EventQueue-0] INFO  ca.sqlpower.object.undo.PropertyChangeEdit  - Found setter: setTopLeftCorner
6282457 [AWT-EventQueue-0] INFO  ca.sqlpower.object.undo.PropertyChangeEdit  - Found setter: setLengths
6282458 [AWT-EventQueue-0] INFO  ca.sqlpower.object.undo.PropertyChangeEdit  - Found setter: setTopLeftCorner
6282459 [AWT-EventQueue-0] INFO  ca.sqlpower.object.undo.PropertyChangeEdit  - Found setter: setTopLeftCorner
6282460 [AWT-EventQueue-0] INFO  ca.sqlpower.object.undo.PropertyChangeEdit  - Found setter: setLengths
6282461 [AWT-EventQueue-0] INFO  ca.sqlpower.object.undo.PropertyChangeEdit  - Found setter: setLengths
6282461 [AWT-EventQueue-0] INFO  ca.sqlpower.object.undo.PropertyChangeEdit  - Found setter: setTopLeftCorner
6282462 [AWT-EventQueue-0] INFO  ca.sqlpower.object.undo.PropertyChangeEdit  - Found setter: setTopLeftCorner
6282463 [AWT-EventQueue-0] INFO  ca.sqlpower.object.undo.PropertyChangeEdit  - Found setter: setLengths
6282464 [AWT-EventQueue-0] INFO  ca.sqlpower.object.undo.PropertyChangeEdit  - Found setter: setLengths
6282466 [AWT-EventQueue-0] INFO  ca.sqlpower.object.undo.PropertyChangeEdit  - Found setter: setTopLeftCorner
6282467 [AWT-EventQueue-0] INFO  ca.sqlpower.object.undo.PropertyChangeEdit  - Found setter: setTopLeftCorner
6282467 [AWT-EventQueue-0] INFO  ca.sqlpower.object.undo.PropertyChangeEdit  - Found setter: setLengths
6282468 [AWT-EventQueue-0] INFO  ca.sqlpower.object.undo.PropertyChangeEdit  - Found setter: setLengths
6282469 [AWT-EventQueue-0] INFO  ca.sqlpower.object.undo.PropertyChangeEdit  - Found setter: setTopLeftCorner
6282470 [AWT-EventQueue-0] INFO  ca.sqlpower.object.undo.PropertyChangeEdit  - Found setter: setTopLeftCorner
6282471 [AWT-EventQueue-0] INFO  ca.sqlpower.object.undo.PropertyChangeEdit  - Found setter: setLengths
6282472 [AWT-EventQueue-0] INFO  ca.sqlpower.object.undo.PropertyChangeEdit  - Found setter: setLengths
6282473 [AWT-EventQueue-0] INFO  ca.sqlpower.object.undo.PropertyChangeEdit  - Found setter: setTopLeftCorner
6282473 [AWT-EventQueue-0] INFO  ca.sqlpower.object.undo.PropertyChangeEdit  - Found setter: setTopLeftCorner
6282474 [AWT-EventQueue-0] INFO  ca.sqlpower.object.undo.PropertyChangeEdit  - Found setter: setLengths
6282475 [AWT-EventQueue-0] INFO  ca.sqlpower.object.undo.PropertyChangeEdit  - Found setter: setLengths
6282476 [AWT-EventQueue-0] INFO  ca.sqlpower.object.undo.PropertyChangeEdit  - Found setter: setTopLeftCorner
6282476 [AWT-EventQueue-0] INFO  ca.sqlpower.object.undo.PropertyChangeEdit  - Found setter: setTopLeftCorner
6282477 [AWT-EventQueue-0] INFO  ca.sqlpower.object.undo.PropertyChangeEdit  - Found setter: setLengths
6282478 [AWT-EventQueue-0] INFO  ca.sqlpower.object.undo.PropertyChangeEdit  - Found setter: setLengths
6282479 [AWT-EventQueue-0] INFO  ca.sqlpower.object.undo.PropertyChangeEdit  - Found setter: setTopLeftCorner
6282479 [AWT-EventQueue-0] INFO  ca.sqlpower.object.undo.PropertyChangeEdit  - Found setter: setTopLeftCorner
6282483 [AWT-EventQueue-0] INFO  ca.sqlpower.object.undo.PropertyChangeEdit  - Found setter: setLengths
6282484 [AWT-EventQueue-0] INFO  ca.sqlpower.object.undo.PropertyChangeEdit  - Found setter: setLengths
6282485 [AWT-EventQueue-0] INFO  ca.sqlpower.object.undo.PropertyChangeEdit  - Found setter: setTopLeftCorner
6282486 [AWT-EventQueue-0] INFO  ca.sqlpower.object.undo.PropertyChangeEdit  - Found setter: setTopLeftCorner
6282486 [AWT-EventQueue-0] INFO  ca.sqlpower.object.undo.PropertyChangeEdit  - Found setter: setLengths
6282487 [AWT-EventQueue-0] INFO  ca.sqlpower.object.undo.PropertyChangeEdit  - Found setter: setLengths
6282488 [AWT-EventQueue-0] INFO  ca.sqlpower.object.undo.PropertyChangeEdit  - Found setter: setTopLeftCorner
6284047 [AWT-EventQueue-0] INFO  ca.sqlpower.object.undo.PropertyChangeEdit  - Found setter: setLengths
6336602 [AWT-EventQueue-0] INFO  ca.sqlpower.architect.swingui.PlayPen  - Drop: I am over dtde=java.awt.dnd.DropTargetDropEvent[source=java.awt.dnd.DropTarget@1f64d3b]
6376868 [AWT-EventQueue-0] INFO  ca.sqlpower.architect.swingui.PlayPen  - Drop: I am over dtde=java.awt.dnd.DropTargetDropEvent[source=java.awt.dnd.DropTarget@1f64d3b]
7237285 [AWT-EventQueue-0] INFO  ca.sqlpower.architect.swingui.PlayPen  - Drop: I am over dtde=java.awt.dnd.DropTargetDropEvent[source=java.awt.dnd.DropTarget@1f64d3b]
7240354 [AWT-EventQueue-0] INFO  ca.sqlpower.architect.swingui.PlayPen  - Drop: I am over dtde=java.awt.dnd.DropTargetDropEvent[source=java.awt.dnd.DropTarget@1f64d3b]
7241935 [AWT-EventQueue-0] INFO  ca.sqlpower.architect.swingui.PlayPen  - Drop: I am over dtde=java.awt.dnd.DropTargetDropEvent[source=java.awt.dnd.DropTarget@1f64d3b]
244675340 [AWT-EventQueue-0] INFO  ca.sqlpower.architect.swingui.PlayPen  - Drop: I am over dtde=java.awt.dnd.DropTargetDropEvent[source=java.awt.dnd.DropTarget@1f64d3b]
244685927 [AWT-EventQueue-0] INFO  ca.sqlpower.architect.swingui.PlayPen  - Drop: I am over dtde=java.awt.dnd.DropTargetDropEvent[source=java.awt.dnd.DropTarget@1f64d3b]
244694084 [AWT-EventQueue-0] INFO  ca.sqlpower.architect.swingui.PlayPen  - Drop: I am over dtde=java.awt.dnd.DropTargetDropEvent[source=java.awt.dnd.DropTarget@1f64d3b]
244698140 [AWT-EventQueue-0] INFO  ca.sqlpower.architect.swingui.PlayPen  - Drop: I am over dtde=java.awt.dnd.DropTargetDropEvent[source=java.awt.dnd.DropTarget@1f64d3b]
244707839 [AWT-EventQueue-0] INFO  ca.sqlpower.architect.swingui.PlayPen  - Drop: I am over dtde=java.awt.dnd.DropTargetDropEvent[source=java.awt.dnd.DropTarget@1f64d3b]
244712384 [AWT-EventQueue-0] INFO  ca.sqlpower.architect.swingui.PlayPen  - Drop: I am over dtde=java.awt.dnd.DropTargetDropEvent[source=java.awt.dnd.DropTarget@1f64d3b]
244724564 [AWT-EventQueue-0] INFO  ca.sqlpower.architect.swingui.PlayPen  - Drop: I am over dtde=java.awt.dnd.DropTargetDropEvent[source=java.awt.dnd.DropTarget@1f64d3b]
244727667 [AWT-EventQueue-0] INFO  ca.sqlpower.architect.swingui.PlayPen  - Drop: I am over dtde=java.awt.dnd.DropTargetDropEvent[source=java.awt.dnd.DropTarget@1f64d3b]
244734323 [AWT-EventQueue-0] INFO  ca.sqlpower.architect.swingui.PlayPen  - Drop: I am over dtde=java.awt.dnd.DropTargetDropEvent[source=java.awt.dnd.DropTarget@1f64d3b]
244798917 [AWT-EventQueue-0] INFO  ca.sqlpower.object.undo.PropertyChangeEdit  - Found setter: setLengths
244799435 [AWT-EventQueue-0] INFO  ca.sqlpower.object.undo.PropertyChangeEdit  - Found setter: setLengths
244799437 [AWT-EventQueue-0] INFO  ca.sqlpower.object.undo.PropertyChangeEdit  - Found setter: setLengths
244799440 [AWT-EventQueue-0] INFO  ca.sqlpower.object.undo.PropertyChangeEdit  - Found setter: setLengths
244799441 [AWT-EventQueue-0] INFO  ca.sqlpower.object.undo.PropertyChangeEdit  - Found setter: setLengths
244799444 [AWT-EventQueue-0] INFO  ca.sqlpower.object.undo.PropertyChangeEdit  - Found setter: setLengths
244800274 [AWT-EventQueue-0] INFO  ca.sqlpower.object.undo.PropertyChangeEdit  - Found setter: setLengths
244800276 [AWT-EventQueue-0] INFO  ca.sqlpower.object.undo.PropertyChangeEdit  - Found setter: setLengths
244800279 [AWT-EventQueue-0] INFO  ca.sqlpower.object.undo.PropertyChangeEdit  - Found setter: setLengths
244800280 [AWT-EventQueue-0] INFO  ca.sqlpower.object.undo.PropertyChangeEdit  - Found setter: setLengths
244800819 [AWT-EventQueue-0] INFO  ca.sqlpower.object.undo.PropertyChangeEdit  - Found setter: setLengths
244800820 [AWT-EventQueue-0] INFO  ca.sqlpower.object.undo.PropertyChangeEdit  - Found setter: setLengths
244800822 [AWT-EventQueue-0] INFO  ca.sqlpower.object.undo.PropertyChangeEdit  - Found setter: setLengths
244800823 [AWT-EventQueue-0] INFO  ca.sqlpower.object.undo.PropertyChangeEdit  - Found setter: setLengths
244800826 [AWT-EventQueue-0] INFO  ca.sqlpower.object.undo.PropertyChangeEdit  - Found setter: setLengths
244800830 [AWT-EventQueue-0] INFO  ca.sqlpower.object.undo.PropertyChangeEdit  - Found setter: setLengths
244800831 [AWT-EventQueue-0] INFO  ca.sqlpower.object.undo.PropertyChangeEdit  - Found setter: setLengths
244800832 [AWT-EventQueue-0] INFO  ca.sqlpower.object.undo.PropertyChangeEdit  - Found setter: setLengths
244800833 [AWT-EventQueue-0] INFO  ca.sqlpower.object.undo.PropertyChangeEdit  - Found setter: setLengths
244801385 [AWT-EventQueue-0] INFO  ca.sqlpower.object.undo.PropertyChangeEdit  - Found setter: setLengths
244801386 [AWT-EventQueue-0] INFO  ca.sqlpower.object.undo.PropertyChangeEdit  - Found setter: setLengths
244801388 [AWT-EventQueue-0] INFO  ca.sqlpower.object.undo.PropertyChangeEdit  - Found setter: setLengths
244801388 [AWT-EventQueue-0] INFO  ca.sqlpower.object.undo.PropertyChangeEdit  - Found setter: setLengths
244802065 [AWT-EventQueue-0] INFO  ca.sqlpower.object.undo.PropertyChangeEdit  - Found setter: setLengths
244802066 [AWT-EventQueue-0] INFO  ca.sqlpower.object.undo.PropertyChangeEdit  - Found setter: setLengths
244802068 [AWT-EventQueue-0] INFO  ca.sqlpower.object.undo.PropertyChangeEdit  - Found setter: setLengths
244802069 [AWT-EventQueue-0] INFO  ca.sqlpower.object.undo.PropertyChangeEdit  - Found setter: setLengths
244802070 [AWT-EventQueue-0] INFO  ca.sqlpower.object.undo.PropertyChangeEdit  - Found setter: setLengths
244802674 [AWT-EventQueue-0] INFO  ca.sqlpower.object.undo.PropertyChangeEdit  - Found setter: setLengths
244802675 [AWT-EventQueue-0] INFO  ca.sqlpower.object.undo.PropertyChangeEdit  - Found setter: setLengths
244802676 [AWT-EventQueue-0] INFO  ca.sqlpower.object.undo.PropertyChangeEdit  - Found setter: setLengths
244802677 [AWT-EventQueue-0] INFO  ca.sqlpower.object.undo.PropertyChangeEdit  - Found setter: setLengths
244802679 [AWT-EventQueue-0] INFO  ca.sqlpower.object.undo.PropertyChangeEdit  - Found setter: setLengths
244802679 [AWT-EventQueue-0] INFO  ca.sqlpower.object.undo.PropertyChangeEdit  - Found setter: setLengths
244802681 [AWT-EventQueue-0] INFO  ca.sqlpower.object.undo.PropertyChangeEdit  - Found setter: setLengths
244802682 [AWT-EventQueue-0] INFO  ca.sqlpower.object.undo.PropertyChangeEdit  - Found setter: setLengths
244803881 [AWT-EventQueue-0] INFO  ca.sqlpower.object.undo.PropertyChangeEdit  - Found setter: setLengths
244803882 [AWT-EventQueue-0] INFO  ca.sqlpower.object.undo.PropertyChangeEdit  - Found setter: setLengths
244803884 [AWT-EventQueue-0] INFO  ca.sqlpower.object.undo.PropertyChangeEdit  - Found setter: setLengths
244803884 [AWT-EventQueue-0] INFO  ca.sqlpower.object.undo.PropertyChangeEdit  - Found setter: setLengths
244803889 [AWT-EventQueue-0] INFO  ca.sqlpower.object.undo.PropertyChangeEdit  - Found setter: setLengths
244804426 [AWT-EventQueue-0] INFO  ca.sqlpower.object.undo.PropertyChangeEdit  - Found setter: setLengths
244804427 [AWT-EventQueue-0] INFO  ca.sqlpower.object.undo.PropertyChangeEdit  - Found setter: setLengths
244804428 [AWT-EventQueue-0] INFO  ca.sqlpower.object.undo.PropertyChangeEdit  - Found setter: setLengths
248124777 [AWT-EventQueue-0] INFO  ca.sqlpower.architect.swingui.PlayPen  - Drop: I am over dtde=java.awt.dnd.DropTargetDropEvent[source=java.awt.dnd.DropTarget@637849]
248462359 [AWT-EventQueue-0] INFO  ca.sqlpower.architect.swingui.PlayPen  - Drop: I am over dtde=java.awt.dnd.DropTargetDropEvent[source=java.awt.dnd.DropTarget@637849]
248488623 [AWT-EventQueue-0] INFO  ca.sqlpower.architect.swingui.PlayPen  - Drop: I am over dtde=java.awt.dnd.DropTargetDropEvent[source=java.awt.dnd.DropTarget@637849]
248639708 [AWT-EventQueue-0] INFO  ca.sqlpower.architect.swingui.PlayPen  - Drop: I am over dtde=java.awt.dnd.DropTargetDropEvent[source=java.awt.dnd.DropTarget@637849]
248709635 [AWT-EventQueue-0] INFO  ca.sqlpower.architect.swingui.PlayPen  - Drop: I am over dtde=java.awt.dnd.DropTargetDropEvent[source=java.awt.dnd.DropTarget@637849]
249463927 [AWT-EventQueue-0] INFO  ca.sqlpower.architect.swingui.DBTree  - DBTree: exporting list of DnD-type tree paths
249468136 [AWT-EventQueue-0] INFO  ca.sqlpower.architect.swingui.PlayPen  - Drop: I am over dtde=java.awt.dnd.DropTargetDropEvent[source=java.awt.dnd.DropTarget@14104f7]
249581653 [AWT-EventQueue-0] INFO  ca.sqlpower.architect.swingui.PlayPen  - Drop: I am over dtde=java.awt.dnd.DropTargetDropEvent[source=java.awt.dnd.DropTarget@14104f7]
249678009 [AWT-EventQueue-0] INFO  ca.sqlpower.architect.swingui.PlayPen  - Drop: I am over dtde=java.awt.dnd.DropTargetDropEvent[source=java.awt.dnd.DropTarget@14104f7]
250104410 [AWT-EventQueue-0] INFO  ca.sqlpower.architect.swingui.PlayPen  - Drop: I am over dtde=java.awt.dnd.DropTargetDropEvent[source=java.awt.dnd.DropTarget@637849]
250104417 [Objects-Adder] INFO  ca.sqlpower.architect.swingui.PlayPen  - AddObjectsTask starting on thread Objects-Adder
250104421 [Objects-Adder] INFO  ca.sqlpower.architect.swingui.PlayPen  - AddObjectsTask done
250104454 [AWT-EventQueue-0] ERROR ca.sqlpower.architect.swingui.PlayPen  - Unknown object dropped in PlayPen: id_pedido: INTEGER
251359881 [AWT-EventQueue-0] INFO  ca.sqlpower.architect.swingui.PlayPen  - Drop: I am over dtde=java.awt.dnd.DropTargetDropEvent[source=java.awt.dnd.DropTarget@144ab65]
251364258 [AWT-EventQueue-0] INFO  ca.sqlpower.architect.swingui.PlayPen  - Drop: I am over dtde=java.awt.dnd.DropTargetDropEvent[source=java.awt.dnd.DropTarget@144ab65]
251376141 [AWT-EventQueue-0] INFO  ca.sqlpower.architect.swingui.PlayPen  - Drop: I am over dtde=java.awt.dnd.DropTargetDropEvent[source=java.awt.dnd.DropTarget@144ab65]
251379500 [AWT-EventQueue-0] INFO  ca.sqlpower.architect.swingui.PlayPen  - Drop: I am over dtde=java.awt.dnd.DropTargetDropEvent[source=java.awt.dnd.DropTarget@144ab65]
252388738 [AWT-EventQueue-0] INFO  ca.sqlpower.architect.swingui.PlayPen  - Drop: I am over dtde=java.awt.dnd.DropTargetDropEvent[source=java.awt.dnd.DropTarget@87bfbb]
